<?xml version="1.0" encoding="UTF-8"?>
<testsuite name="BinarySearchTest" tests="1" skipped="0" failures="0" errors="0" timestamp="2020-11-18T00:39:47" hostname="Franks-MacBook-Pro.local" time="0.001">
  <properties/>
  <testcase name="testThatBinarySearchIsNotNil" classname="BinarySearchTest" time="0.001"/>
  <system-out><![CDATA[]]></system-out>
  <system-err><![CDATA[]]></system-err>
</testsuite>
