<?xml version="1.0" encoding="UTF-8"?>
<testsuite name="BinarySearchTest" tests="3" skipped="0" failures="0" errors="0" timestamp="2020-11-18T01:59:04" hostname="Franks-MacBook-Pro.local" time="137.095">
  <properties/>
  <testcase name="testThatBinarySearchCanFindAGivenNumber" classname="BinarySearchTest" time="85.08"/>
  <testcase name="testThatBinarySearchWillReturnFalseWhenAValueIsNotFound" classname="BinarySearchTest" time="52.015"/>
  <testcase name="testThatBinarySearchIsNotNil" classname="BinarySearchTest" time="0.0"/>
  <system-out><![CDATA[]]></system-out>
  <system-err><![CDATA[]]></system-err>
</testsuite>
